<?xml version="1.0" encoding="UTF-8"?>
<testsuite xmlns:xsi="http://www.w3.org/2001/XMLSchema-instance" xsi:noNamespaceSchemaLocation="https://maven.apache.org/surefire/maven-surefire-plugin/xsd/surefire-test-report.xsd" name="yahaya_rachelle.AppTest" time="0.046" tests="1" errors="0" skipped="0" failures="0">
  <properties>
    <property name="java.specification.version" value="19"/>
    <property name="sun.cpu.isalist" value="amd64"/>
    <property name="sun.jnu.encoding" value="Cp1252"/>
    <property name="java.class.path" value="c:\Users\devel\Desktop\fac\l3\semestre-2\projet\fight_game\target\test-classes;c:\Users\devel\Desktop\fac\l3\semestre-2\projet\fight_game\target\classes;C:\Users\devel\.m2\repository\org\openjfx\javafx-swing\20-ea+11\javafx-swing-20-ea+11.jar;C:\Users\devel\.m2\repository\org\openjfx\javafx-swing\20-ea+11\javafx-swing-20-ea+11-win.jar;C:\Users\devel\.m2\repository\org\openjfx\javafx-graphics\20-ea+11\javafx-graphics-20-ea+11.jar;C:\Users\devel\.m2\repository\org\openjfx\javafx-graphics\20-ea+11\javafx-graphics-20-ea+11-win.jar;C:\Users\devel\.m2\repository\org\openjfx\javafx-base\20-ea+11\javafx-base-20-ea+11.jar;C:\Users\devel\.m2\repository\org\openjfx\javafx-base\20-ea+11\javafx-base-20-ea+11-win.jar;C:\Users\devel\.m2\repository\com\googlecode\json-simple\json-simple\1.1.1\json-simple-1.1.1.jar;C:\Users\devel\.m2\repository\org\openjfx\javafx-media\20-ea+11\javafx-media-20-ea+11.jar;C:\Users\devel\.m2\repository\org\openjfx\javafx-media\20-ea+11\javafx-media-20-ea+11-win.jar;C:\Users\devel\.m2\repository\org\openjfx\javafx-controls\20-ea+11\javafx-controls-20-ea+11.jar;C:\Users\devel\.m2\repository\org\openjfx\javafx-controls\20-ea+11\javafx-controls-20-ea+11-win.jar;C:\Users\devel\.m2\repository\junit\junit\4.11\junit-4.11.jar;C:\Users\devel\.m2\repository\org\hamcrest\hamcrest-core\1.3\hamcrest-core-1.3.jar;"/>
    <property name="java.vm.vendor" value="Oracle Corporation"/>
    <property name="sun.arch.data.model" value="64"/>
    <property name="user.variant" value=""/>
    <property name="java.vendor.url" value="https://java.oracle.com/"/>
    <property name="user.timezone" value="Europe/Paris"/>
    <property name="os.name" value="Windows 11"/>
    <property name="java.vm.specification.version" value="19"/>
    <property name="sun.java.launcher" value="SUN_STANDARD"/>
    <property name="user.country" value="FR"/>
    <property name="sun.boot.library.path" value="C:\Program Files\Java\jdk-19\bin"/>
    <property name="sun.java.command" value="C:\Users\devel\AppData\Local\Temp\surefire14914165067446640142\surefirebooter18094930965832863370.jar C:\Users\devel\AppData\Local\Temp\surefire14914165067446640142 2023-02-02T09-48-39_328-jvmRun1 surefire6520260978505807555tmp surefire_011725614116928845567tmp"/>
    <property name="jdk.debug" value="release"/>
    <property name="surefire.test.class.path" value="c:\Users\devel\Desktop\fac\l3\semestre-2\projet\fight_game\target\test-classes;c:\Users\devel\Desktop\fac\l3\semestre-2\projet\fight_game\target\classes;C:\Users\devel\.m2\repository\org\openjfx\javafx-swing\20-ea+11\javafx-swing-20-ea+11.jar;C:\Users\devel\.m2\repository\org\openjfx\javafx-swing\20-ea+11\javafx-swing-20-ea+11-win.jar;C:\Users\devel\.m2\repository\org\openjfx\javafx-graphics\20-ea+11\javafx-graphics-20-ea+11.jar;C:\Users\devel\.m2\repository\org\openjfx\javafx-graphics\20-ea+11\javafx-graphics-20-ea+11-win.jar;C:\Users\devel\.m2\repository\org\openjfx\javafx-base\20-ea+11\javafx-base-20-ea+11.jar;C:\Users\devel\.m2\repository\org\openjfx\javafx-base\20-ea+11\javafx-base-20-ea+11-win.jar;C:\Users\devel\.m2\repository\com\googlecode\json-simple\json-simple\1.1.1\json-simple-1.1.1.jar;C:\Users\devel\.m2\repository\org\openjfx\javafx-media\20-ea+11\javafx-media-20-ea+11.jar;C:\Users\devel\.m2\repository\org\openjfx\javafx-media\20-ea+11\javafx-media-20-ea+11-win.jar;C:\Users\devel\.m2\repository\org\openjfx\javafx-controls\20-ea+11\javafx-controls-20-ea+11.jar;C:\Users\devel\.m2\repository\org\openjfx\javafx-controls\20-ea+11\javafx-controls-20-ea+11-win.jar;C:\Users\devel\.m2\repository\junit\junit\4.11\junit-4.11.jar;C:\Users\devel\.m2\repository\org\hamcrest\hamcrest-core\1.3\hamcrest-core-1.3.jar;"/>
    <property name="sun.cpu.endian" value="little"/>
    <property name="user.home" value="C:\Users\devel"/>
    <property name="user.language" value="fr"/>
    <property name="java.specification.vendor" value="Oracle Corporation"/>
    <property name="java.version.date" value="2022-10-18"/>
    <property name="java.home" value="C:\Program Files\Java\jdk-19"/>
    <property name="file.separator" value="\"/>
    <property name="basedir" value="c:\Users\devel\Desktop\fac\l3\semestre-2\projet\fight_game"/>
    <property name="java.vm.compressedOopsMode" value="Zero based"/>
    <property name="line.separator" value="&#10;"/>
    <property name="java.vm.specification.vendor" value="Oracle Corporation"/>
    <property name="java.specification.name" value="Java Platform API Specification"/>
    <property name="surefire.real.class.path" value="C:\Users\devel\AppData\Local\Temp\surefire14914165067446640142\surefirebooter18094930965832863370.jar"/>
    <property name="user.script" value=""/>
    <property name="sun.management.compiler" value="HotSpot 64-Bit Tiered Compilers"/>
    <property name="java.runtime.version" value="19.0.1+10-21"/>
    <property name="user.name" value="devel"/>
    <property name="stdout.encoding" value="Cp1252"/>
    <property name="path.separator" value=";"/>
    <property name="os.version" value="10.0"/>
    <property name="java.runtime.name" value="Java(TM) SE Runtime Environment"/>
    <property name="file.encoding" value="UTF-8"/>
    <property name="java.vm.name" value="Java HotSpot(TM) 64-Bit Server VM"/>
    <property name="localRepository" value="C:\Users\devel\.m2\repository"/>
    <property name="java.vendor.url.bug" value="https://bugreport.java.com/bugreport/"/>
    <property name="java.io.tmpdir" value="C:\Users\devel\AppData\Local\Temp\"/>
    <property name="java.version" value="19.0.1"/>
    <property name="user.dir" value="c:\Users\devel\Desktop\fac\l3\semestre-2\projet\fight_game"/>
    <property name="os.arch" value="amd64"/>
    <property name="java.vm.specification.name" value="Java Virtual Machine Specification"/>
    <property name="sun.os.patch.level" value=""/>
    <property name="native.encoding" value="Cp1252"/>
    <property name="java.library.path" value="C:\Program Files\Java\jdk-19\bin;C:\WINDOWS\Sun\Java\bin;C:\WINDOWS\system32;C:\WINDOWS;C:\Program Files\Common Files\Oracle\Java\javapath;C:\WINDOWS\system32;C:\WINDOWS;C:\WINDOWS\System32\Wbem;C:\WINDOWS\System32\WindowsPowerShell\v1.0\;C:\WINDOWS\System32\OpenSSH\;C:\Program Files\Git\cmd;C:\mingw64\bin;C:\laragon\bin\composer;C:\laragon\bin\yarn;C:\laragon\bin\mysql\mysql-8.0.30-winx64\bin;C:\laragon\bin\ngrok;C:\laragon\bin\nodejs\node-v18;C:\laragon\bin\php\php-8.1.10-Win32-vs16-x64;C:\Program Files\Java\jdk-19\bin;C:\apache-maven-3.8.7\bin;C;C:\Users\devel\scoop\shims;C:\Users\devel\AppData\Local\Microsoft\WindowsApps;;C:\Users\devel\AppData\Local\Programs\Microsoft VS Code\bin;."/>
    <property name="java.vm.info" value="mixed mode, sharing"/>
    <property name="stderr.encoding" value="Cp1252"/>
    <property name="java.vendor" value="Oracle Corporation"/>
    <property name="java.vm.version" value="19.0.1+10-21"/>
    <property name="sun.io.unicode.encoding" value="UnicodeLittle"/>
    <property name="java.class.version" value="63.0"/>
  </properties>
  <testcase name="shouldAnswerWithTrue" classname="yahaya_rachelle.AppTest" time="0.004"/>
</testsuite>